<?xml version="1.0" encoding="UTF-8"?>
<!-- Generated by org.testng.reporters.JUnitReportReporter -->
<testsuite hostname="Priti" failures="0" tests="1" name="testCases.Cart_Page_Test" time="19.376" errors="0" timestamp="2023-12-30T01:25:13 IST" skipped="0">
  <testcase classname="testCases.Cart_Page_Test" name="verifyCartPageLableTest" time="19.376"/>
  <system-out>
    <![CDATA[Currrent Page Lable of Cart Page = Your Cart]]>
  </system-out>
</testsuite> <!-- testCases.Cart_Page_Test -->
