<?xml version="1.0" encoding="UTF-8"?>
<!-- Generated by org.testng.reporters.JUnitReportReporter -->
<testsuite hostname="Priti" failures="0" tests="2" name="testCases.CheckOutPage_1_Test" time="21.847" errors="0" timestamp="2023-12-30T01:25:13 IST" skipped="0">
  <testcase classname="testCases.CheckOutPage_1_Test" name="inputInfoTest" time="11.111"/>
  <system-out>
    <![CDATA[After InputInfo CheckOut_1_Page should be come  =  https://www.saucedemo.com/checkout-step-two.html]]>
  </system-out>
  <testcase classname="testCases.CheckOutPage_1_Test" name="verifyCheckOutPage_1_LableTest" time="10.736"/>
  <system-out>
    <![CDATA[Presence CheckOut_1_Page Lable = Checkout: Your Information]]>
  </system-out>
</testsuite> <!-- testCases.CheckOutPage_1_Test -->
