<?xml version="1.0" encoding="UTF-8"?>
<!-- Generated by org.testng.reporters.JUnitReportReporter -->
<testsuite hostname="Priti" failures="0" tests="4" name="testCases.Inventory_Page_Test" time="34.484" errors="0" timestamp="2023-12-30T01:25:13 IST" skipped="0">
  <testcase classname="testCases.Inventory_Page_Test" name="verifyProductLableTest" time="8.730"/>
  <system-out>
    <![CDATA[Presence of ProductLable = Products]]>
  </system-out>
  <testcase classname="testCases.Inventory_Page_Test" name="verifyTwitterLogoTest" time="7.587"/>
  <system-out>
    <![CDATA[Visibility of TwitterLogo = true]]>
  </system-out>
  <testcase classname="testCases.Inventory_Page_Test" name="verifyFacebookLogoTest" time="9.324"/>
  <system-out>
    <![CDATA[Visibility of FacebookLogo = true]]>
  </system-out>
  <testcase classname="testCases.Inventory_Page_Test" name="verifyLinkedInLogoTest" time="8.843"/>
  <system-out>
    <![CDATA[Visibility of LinkedInLogo = true]]>
  </system-out>
</testsuite> <!-- testCases.Inventory_Page_Test -->
