<?xml version="1.0" encoding="UTF-8"?>
<!-- Generated by org.testng.reporters.JUnitReportReporter -->
<testsuite hostname="Priti" failures="0" tests="10" name="testCases.CheckOutPage_2_Test" time="159.096" errors="0" timestamp="2023-12-30T01:25:13 IST" skipped="0">
  <testcase classname="testCases.CheckOutPage_2_Test" name="verifyPaymentInformationTest" time="12.222"/>
  <system-out>
    <![CDATA[Presence of Payment Information Text = Payment Information]]>
  </system-out>
  <testcase classname="testCases.CheckOutPage_2_Test" name="verifySauceCardTextTest" time="11.071"/>
  <system-out>
    <![CDATA[Presence of Sauce Card Text = SauceCard #31337]]>
  </system-out>
  <testcase classname="testCases.CheckOutPage_2_Test" name="verifyShippingInformationTextTest" time="11.238"/>
  <system-out>
    <![CDATA[Presence of Shipping Infornmation Text = Shipping Information]]>
  </system-out>
  <testcase classname="testCases.CheckOutPage_2_Test" name="verifyFreePonyExpressTextTest" time="12.687"/>
  <system-out>
    <![CDATA[Presence of Free Pony Express Text = Free Pony Express Delivery!]]>
  </system-out>
  <testcase classname="testCases.CheckOutPage_2_Test" name="verifyPriceTotalTextTest" time="10.763"/>
  <system-out>
    <![CDATA[Presence of Price Total Text = Price Total]]>
  </system-out>
  <testcase classname="testCases.CheckOutPage_2_Test" name="verifyItemTotalTextTest" time="10.805"/>
  <system-out>
    <![CDATA[Presence of Item Total Text = Item total: $129.94]]>
  </system-out>
  <testcase classname="testCases.CheckOutPage_2_Test" name="verifyCheckOutPage_2_LableTest" time="11.311"/>
  <system-out>
    <![CDATA[Presence CheckOut_2_Page Lable = Checkout: Overview]]>
  </system-out>
  <testcase classname="testCases.CheckOutPage_2_Test" name="verifyCheckOutPage_2_LogoTest" time="55.548"/>
  <system-out>
    <![CDATA[Visibility of CheckOut_2_Page Logo =  true]]>
  </system-out>
  <testcase classname="testCases.CheckOutPage_2_Test" name="verifyTaxTextTest" time="13.069"/>
  <system-out>
    <![CDATA[Presence of Tax Text = Tax: $10.40]]>
  </system-out>
  <testcase classname="testCases.CheckOutPage_2_Test" name="verifyTotalTextTest" time="10.382"/>
  <system-out>
    <![CDATA[Presence of Total Text = Total: $140.34]]>
  </system-out>
</testsuite> <!-- testCases.CheckOutPage_2_Test -->
