<?xml version="1.0" encoding="UTF-8"?>
<!-- Generated by org.testng.reporters.JUnitReportReporter -->
<testsuite hostname="Priti" failures="0" tests="1" name="testCases.LoginPageTest" time="9.259" errors="0" timestamp="2023-12-30T01:25:13 IST" skipped="0">
  <testcase classname="testCases.LoginPageTest" name="verifyTitleOfApplicationTest" time="9.259"/>
  <system-out/>
</testsuite> <!-- testCases.LoginPageTest -->
